<?xml version="1.0" encoding="UTF-8"?>
<!-- Generated by org.testng.reporters.JUnitXMLReporter -->
<testsuite ignored="0" hostname="Phable-135.local" failures="0" tests="2" name="Error Validations Test" time="9.105" errors="0" timestamp="30 Nov 2022 15:25:50 GMT">
  <testcase classname="Tests.ErrorValidationsTest" name="LoginErrorValidation" time="0.359"/>
  <testcase classname="Tests.ErrorValidationsTest" name="ProductErrorValidation" time="1.835"/>
</testsuite> <!-- Error Validations Test -->
